<?xml version="1.0" encoding="UTF-8"?>
<!-- Generated by org.testng.reporters.JUnitXMLReporter -->
<testsuite hostname="Vasanth" ignored="1" name="Test" tests="2" failures="0" timestamp="2020-06-11T11:27:08 IST" time="26.768" errors="0">
  <testcase name="login" time="3.207" classname="testcases.TC001Login"/>
  <testcase name="login" time="3.288" classname="testcases.TC002Login"/>
  <testcase name="@BeforeTest getFileName" time="0.0" classname="base.PreAndPost">
    <ignored/>
  </testcase> <!-- @BeforeTest getFileName -->
</testsuite> <!-- Test -->
