<?xml version="1.0" encoding="UTF-8"?>
<testng-results skipped="0" failed="0" ignored="0" total="1" passed="1">
  <reporter-output>
  </reporter-output>
  <suite name="Default suite" duration-ms="13142" started-at="2020-06-11T11:27:52 IST" finished-at="2020-06-11T11:28:05 IST">
    <groups>
    </groups>
    <test name="Default test" duration-ms="13142" started-at="2020-06-11T11:27:52 IST" finished-at="2020-06-11T11:28:05 IST">
      <class name="utils.CreateReport">
        <test-method status="PASS" signature="name()[pri:0, instance:utils.CreateReport@35d176f7]" name="name" duration-ms="13091" started-at="2020-06-11T11:27:52 IST" finished-at="2020-06-11T11:28:05 IST">
          <reporter-output>
          </reporter-output>
        </test-method> <!-- name -->
      </class> <!-- utils.CreateReport -->
    </test> <!-- Default test -->
  </suite> <!-- Default suite -->
</testng-results>
